<?xml version="1.0" encoding="UTF-8"?>
<!-- Generated by org.testng.reporters.JUnitReportReporter -->
<testsuite skipped="0" hostname="Igors-MacBook-Pro-2.local" name="testcases.APITesting" tests="2" failures="0" timestamp="12 Oct 2019 19:51:57 GMT" time="1.459" errors="0">
  <testcase name="task1" time="1.163" classname="testcases.APITesting"/>
  <testcase name="task2" time="0.296" classname="testcases.APITesting"/>
</testsuite> <!-- testcases.APITesting -->
